<?xml version="1.0" encoding="UTF-8"?>
<!-- Generated by org.testng.reporters.JUnitReportReporter -->
<testsuite skipped="0" hostname="WarunaAutomation" name="home.SearchItems" tests="1" failures="0" timestamp="07 May 2017 17:59:25 GMT" time="26.230" errors="0">
  <testcase name="serach" time="26.230" classname="home.SearchItems"/>
</testsuite> <!-- home.SearchItems -->
